c:\svn_answer\lam.tranthe\frameworkc++\debug\vc140.pdb
c:\svn_answer\lam.tranthe\frameworkc++\debug\vc140.idb
c:\svn_answer\lam.tranthe\frameworkc++\debug\object.obj
c:\svn_answer\lam.tranthe\frameworkc++\debug\main.obj
c:\svn_answer\lam.tranthe\frameworkc++\debug\matrix.obj
c:\svn_answer\lam.tranthe\frameworkc++\debug\rectangle.obj
c:\svn_answer\lam.tranthe\frameworkc++\debug\scenemanager.obj
c:\svn_answer\lam.tranthe\frameworkc++\debug\shadermanager.obj
c:\svn_answer\lam.tranthe\frameworkc++\debug\videodriver.obj
c:\svn_answer\lam.tranthe\frameworkc++\debug\test.obj
c:\svn_answer\lam.tranthe\frameworkc++\debug\rect.obj
c:\svn_answer\lam.tranthe\frameworkc++\bin\framework.ilk
c:\svn_answer\lam.tranthe\frameworkc++\bin\framework.exe
c:\svn_answer\lam.tranthe\frameworkc++\bin\framework.pdb
c:\svn_answer\lam.tranthe\frameworkc++\debug\framework.tlog\cl.command.1.tlog
c:\svn_answer\lam.tranthe\frameworkc++\debug\framework.tlog\cl.read.1.tlog
c:\svn_answer\lam.tranthe\frameworkc++\debug\framework.tlog\cl.write.1.tlog
c:\svn_answer\lam.tranthe\frameworkc++\debug\framework.tlog\link.command.1.tlog
c:\svn_answer\lam.tranthe\frameworkc++\debug\framework.tlog\link.read.1.tlog
c:\svn_answer\lam.tranthe\frameworkc++\debug\framework.tlog\link.write.1.tlog
